Using network interface: enp69s0f0np0
=== Job Information ===
Job ID: 404
Nodes: auh7-1b-gpu-303
Number of nodes: 1
Partition: faculty
Total GPUs: 8
Working directory: /vast/users/zhiqiang.shen/yaxin/pretrain-data-analysis
=== DeepSpeed Information ===
[2025-08-28 09:38:41,585] [INFO] [real_accelerator.py:260:get_accelerator] Setting ds_accelerator to cuda (override)
[2025-08-28 09:38:45,992] [INFO] [logging.py:107:log_dist] [Rank -1] [TorchCheckpointEngine] Initialized with serialization = False
DeepSpeed version: 0.17.5
[2025-08-28 09:38:50,060] [INFO] [real_accelerator.py:260:get_accelerator] Setting ds_accelerator to cuda (override)
[2025-08-28 09:38:53,344] [INFO] [logging.py:107:log_dist] [Rank -1] [TorchCheckpointEngine] Initialized with serialization = False
--------------------------------------------------
DeepSpeed C++/CUDA extension op report
--------------------------------------------------
NOTE: Ops not installed will be just-in-time (JIT) compiled at
      runtime if needed. Op compatibility means that your system
      meet the required dependencies to JIT install the op.
--------------------------------------------------
JIT compiled ops requires ninja
ninja .................. [92m[OKAY][0m
--------------------------------------------------
op name ................ installed .. compatible
--------------------------------------------------
[93m [WARNING] [0m async_io requires the dev libaio .so object and headers but these were not found.
[93m [WARNING] [0m async_io: please install the libaio-dev package with apt
[93m [WARNING] [0m If libaio is already installed (perhaps from source), try setting the CFLAGS and LDFLAGS environment variables to where it can be found.
async_io ............... [93m[NO][0m ....... [93m[NO][0m
fused_adam ............. [93m[NO][0m ....... [92m[OKAY][0m
cpu_adam ............... [93m[NO][0m ....... [92m[OKAY][0m
cpu_adagrad ............ [93m[NO][0m ....... [92m[OKAY][0m
cpu_lion ............... [93m[NO][0m ....... [92m[OKAY][0m
dc ..................... [93m[NO][0m ....... [92m[OKAY][0m
[93m [WARNING] [0m Please specify the CUTLASS repo directory as environment variable $CUTLASS_PATH
evoformer_attn ......... [93m[NO][0m ....... [93m[NO][0m
fp_quantizer ........... [93m[NO][0m ....... [92m[OKAY][0m
fused_lamb ............. [93m[NO][0m ....... [92m[OKAY][0m
fused_lion ............. [93m[NO][0m ....... [92m[OKAY][0m
[93m [WARNING] [0m gds is not compatible with ROCM
gds .................... [93m[NO][0m ....... [93m[NO][0m
transformer_inference .. [93m[NO][0m ....... [92m[OKAY][0m
inference_core_ops ..... [93m[NO][0m ....... [92m[OKAY][0m
cutlass_ops ............ [93m[NO][0m ....... [92m[OKAY][0m
quantizer .............. [93m[NO][0m ....... [92m[OKAY][0m
ragged_device_ops ...... [93m[NO][0m ....... [92m[OKAY][0m
ragged_ops ............. [93m[NO][0m ....... [92m[OKAY][0m
random_ltd ............. [93m[NO][0m ....... [92m[OKAY][0m
[93m [WARNING] [0m sparse_attn is not compatible with ROCM
sparse_attn ............ [93m[NO][0m ....... [93m[NO][0m
spatial_inference ...... [93m[NO][0m ....... [92m[OKAY][0m
transformer ............ [93m[NO][0m ....... [92m[OKAY][0m
stochastic_transformer . [93m[NO][0m ....... [92m[OKAY][0m
utils .................. [93m[NO][0m ....... [92m[OKAY][0m
--------------------------------------------------
DeepSpeed general environment info:
torch install path ............... ['/vast/users/zhiqiang.shen/miniconda3/envs/data_analysis/lib/python3.11/site-packages/torch']
torch version .................... 2.5.1+rocm6.2
deepspeed install path ........... ['/vast/users/zhiqiang.shen/miniconda3/envs/data_analysis/lib/python3.11/site-packages/deepspeed']
deepspeed info ................... 0.17.5, unknown, unknown
torch cuda version ............... None
torch hip version ................ 6.2.41133-dd7f95766
nvcc version ..................... None
deepspeed wheel compiled w. ...... torch 2.0, hip 5.4
shared memory (/dev/shm) size .... 1.11 TB
=== Starting DeepSpeed Training ===
Configuration: config/train_gpt2_deepspeed_zero2.py
Strategy: zero2
Total GPUs: 8
=== Hostfile ===
auh7-1b-gpu-303 slots=4
[2025-08-28 09:38:57,363] [INFO] [real_accelerator.py:260:get_accelerator] Setting ds_accelerator to cuda (override)
[2025-08-28 09:39:00,790] [INFO] [logging.py:107:log_dist] [Rank -1] [TorchCheckpointEngine] Initialized with serialization = False
[2025-08-28 09:39:01,932] [WARNING] [runner.py:220:fetch_hostfile] Unable to find hostfile, will proceed with training with local resources only.
Detected VISIBLE_DEVICES=0,1,2,3,4,5,6,7 but ignoring it because one or several of --include/--exclude/--num_gpus/--num_nodes cl args were used. If you want to use CUDA_VISIBLE_DEVICES don't pass any of these arguments to deepspeed.
[2025-08-28 09:39:01,932] [INFO] [runner.py:610:main] cmd = /vast/users/zhiqiang.shen/miniconda3/envs/data_analysis/bin/python3.11 -u -m deepspeed.launcher.launch --world_info=eyJsb2NhbGhvc3QiOiBbMCwgMSwgMiwgMywgNCwgNSwgNiwgN119 --master_addr=127.0.0.1 --master_port=29500 --enable_each_rank_log=None train_deepspeed.py --backend=rccl config/train_gpt2_deepspeed_zero2.py
[2025-08-28 09:39:03,635] [INFO] [real_accelerator.py:260:get_accelerator] Setting ds_accelerator to cuda (override)
[2025-08-28 09:39:07,015] [INFO] [logging.py:107:log_dist] [Rank -1] [TorchCheckpointEngine] Initialized with serialization = False
[2025-08-28 09:39:08,113] [INFO] [launch.py:139:main] 0 NCCL_SOCKET_IFNAME=enp69s0f0np0
[2025-08-28 09:39:08,113] [INFO] [launch.py:139:main] 0 NCCL_DEBUG=WARN
[2025-08-28 09:39:08,113] [INFO] [launch.py:139:main] 0 NCCL_IB_DISABLE=1
[2025-08-28 09:39:08,113] [INFO] [launch.py:146:main] WORLD INFO DICT: {'localhost': [0, 1, 2, 3, 4, 5, 6, 7]}
[2025-08-28 09:39:08,113] [INFO] [launch.py:152:main] nnodes=1, num_local_procs=8, node_rank=0
[2025-08-28 09:39:08,113] [INFO] [launch.py:163:main] global_rank_mapping=defaultdict(<class 'list'>, {'localhost': [0, 1, 2, 3, 4, 5, 6, 7]})
[2025-08-28 09:39:08,113] [INFO] [launch.py:164:main] dist_world_size=8
[2025-08-28 09:39:08,113] [INFO] [launch.py:168:main] Setting CUDA_VISIBLE_DEVICES=0,1,2,3,4,5,6,7
[2025-08-28 09:39:08,114] [INFO] [launch.py:256:main] process 1325723 spawned with command: ['/vast/users/zhiqiang.shen/miniconda3/envs/data_analysis/bin/python3.11', '-u', 'train_deepspeed.py', '--local_rank=0', '--backend=rccl', 'config/train_gpt2_deepspeed_zero2.py']
[2025-08-28 09:39:08,123] [INFO] [launch.py:256:main] process 1325724 spawned with command: ['/vast/users/zhiqiang.shen/miniconda3/envs/data_analysis/bin/python3.11', '-u', 'train_deepspeed.py', '--local_rank=1', '--backend=rccl', 'config/train_gpt2_deepspeed_zero2.py']
[2025-08-28 09:39:08,131] [INFO] [launch.py:256:main] process 1325725 spawned with command: ['/vast/users/zhiqiang.shen/miniconda3/envs/data_analysis/bin/python3.11', '-u', 'train_deepspeed.py', '--local_rank=2', '--backend=rccl', 'config/train_gpt2_deepspeed_zero2.py']
[2025-08-28 09:39:08,148] [INFO] [launch.py:256:main] process 1325726 spawned with command: ['/vast/users/zhiqiang.shen/miniconda3/envs/data_analysis/bin/python3.11', '-u', 'train_deepspeed.py', '--local_rank=3', '--backend=rccl', 'config/train_gpt2_deepspeed_zero2.py']
[2025-08-28 09:39:08,167] [INFO] [launch.py:256:main] process 1325727 spawned with command: ['/vast/users/zhiqiang.shen/miniconda3/envs/data_analysis/bin/python3.11', '-u', 'train_deepspeed.py', '--local_rank=4', '--backend=rccl', 'config/train_gpt2_deepspeed_zero2.py']
[2025-08-28 09:39:08,172] [INFO] [launch.py:256:main] process 1325728 spawned with command: ['/vast/users/zhiqiang.shen/miniconda3/envs/data_analysis/bin/python3.11', '-u', 'train_deepspeed.py', '--local_rank=5', '--backend=rccl', 'config/train_gpt2_deepspeed_zero2.py']
[2025-08-28 09:39:08,191] [INFO] [launch.py:256:main] process 1325730 spawned with command: ['/vast/users/zhiqiang.shen/miniconda3/envs/data_analysis/bin/python3.11', '-u', 'train_deepspeed.py', '--local_rank=6', '--backend=rccl', 'config/train_gpt2_deepspeed_zero2.py']
[2025-08-28 09:39:08,212] [INFO] [launch.py:256:main] process 1325732 spawned with command: ['/vast/users/zhiqiang.shen/miniconda3/envs/data_analysis/bin/python3.11', '-u', 'train_deepspeed.py', '--local_rank=7', '--backend=rccl', 'config/train_gpt2_deepspeed_zero2.py']
[2025-08-28 09:39:15,096] [INFO] [real_accelerator.py:260:get_accelerator] Setting ds_accelerator to cuda (override)
[2025-08-28 09:39:15,097] [INFO] [real_accelerator.py:260:get_accelerator] Setting ds_accelerator to cuda (override)
[2025-08-28 09:39:15,121] [INFO] [real_accelerator.py:260:get_accelerator] Setting ds_accelerator to cuda (override)
[2025-08-28 09:39:15,123] [INFO] [real_accelerator.py:260:get_accelerator] Setting ds_accelerator to cuda (override)
[2025-08-28 09:39:15,164] [INFO] [real_accelerator.py:260:get_accelerator] Setting ds_accelerator to cuda (override)
[2025-08-28 09:39:15,203] [INFO] [real_accelerator.py:260:get_accelerator] Setting ds_accelerator to cuda (override)
[2025-08-28 09:39:15,262] [INFO] [real_accelerator.py:260:get_accelerator] Setting ds_accelerator to cuda (override)
[2025-08-28 09:39:15,337] [INFO] [real_accelerator.py:260:get_accelerator] Setting ds_accelerator to cuda (override)
[2025-08-28 09:39:28,288] [INFO] [logging.py:107:log_dist] [Rank -1] [TorchCheckpointEngine] Initialized with serialization = False
[2025-08-28 09:39:28,585] [INFO] [logging.py:107:log_dist] [Rank -1] [TorchCheckpointEngine] Initialized with serialization = False
[2025-08-28 09:39:28,887] [INFO] [logging.py:107:log_dist] [Rank -1] [TorchCheckpointEngine] Initialized with serialization = False
[2025-08-28 09:39:28,937] [INFO] [logging.py:107:log_dist] [Rank -1] [TorchCheckpointEngine] Initialized with serialization = False
[2025-08-28 09:39:28,956] [INFO] [logging.py:107:log_dist] [Rank -1] [TorchCheckpointEngine] Initialized with serialization = False
[2025-08-28 09:39:29,067] [INFO] [logging.py:107:log_dist] [Rank -1] [TorchCheckpointEngine] Initialized with serialization = False
[2025-08-28 09:39:29,077] [INFO] [logging.py:107:log_dist] [Rank -1] [TorchCheckpointEngine] Initialized with serialization = False
[2025-08-28 09:39:29,285] [INFO] [logging.py:107:log_dist] [Rank -1] [TorchCheckpointEngine] Initialized with serialization = False
Ignoring DeepSpeed argument: local_rank = 3
Overriding: backend = rccl
Overriding config with config/train_gpt2_deepspeed_zero2.py:
# config for training GPT-2 (124M) with DeepSpeed ZeRO-2
# ZeRO-2: Optimizer state + gradient partitioning
# Best for: Balanced memory savings and communication overhead
# launch: deepspeed --num_gpus=8 train_deepspeed.py config/train_gpt2_deepspeed_zero2.py
#
# To resume from latest checkpoint:
#   deepspeed --num_gpus=8 train_deepspeed.py config/train_gpt2_deepspeed_zero2.py --init_from=resume
# To resume from specific checkpoint:
#   deepspeed --num_gpus=8 train_deepspeed.py config/train_gpt2_deepspeed_zero2.py --init_from=resume --resume_from_checkpoint=ckpt_step_005000.pt

wandb_log = True
wandb_project = 'pretrain-data-analysis'
wandb_run_name = 'gpt2-124M-deepspeed-zero2-20pct'

# Use the 20% subset dataset for data analysis experiments
dataset = 'openwebtext_20pct'

# DeepSpeed configuration
deepspeed_config = 'deepspeed_configs/zero2_config.json'
use_deepspeed = True


# Checkpoint settings
# Checkpoints will be saved with step numbers: ckpt_step_001000.pt, ckpt_step_002000.pt, etc.
# A latest checkpoint (ckpt.pt) is also maintained for easy resuming
# resume_from_checkpoint = 'ckpt_step_005000.pt'  # uncomment to resume from specific checkpoint
# these make the total batch size be ~0.5M
# 12 batch size * 1024 block size * 5 gradaccum * 8 GPUs = 491,520
batch_size = 36 
block_size = 1024 
gradient_accumulation_steps = 5 * 8

# Reduced iterations for 20% subset (original was 600k for full dataset)
# Since we have 20% of the data, we use 20% of the iterations to maintain similar data exposure
max_iters = 40000   # 20% of 600000 and divied by 3 as we increase the batch size to 36
lr_decay_iters = 40000

# eval stuff
eval_interval = 1000
eval_iters = 200
log_interval = 10

# weight decay
weight_decay = 1e-1

# Disable compile for DeepSpeed compatibility
compile = False

tokens per iteration will be: 11,796,480
Initializing a new model from scratch
defaulting to vocab_size of GPT-2 to 50304 (50257 rounded up for efficiency)
Ignoring DeepSpeed argument: local_rank = 4
Overriding: backend = rccl
Overriding config with config/train_gpt2_deepspeed_zero2.py:
# config for training GPT-2 (124M) with DeepSpeed ZeRO-2
# ZeRO-2: Optimizer state + gradient partitioning
# Best for: Balanced memory savings and communication overhead
# launch: deepspeed --num_gpus=8 train_deepspeed.py config/train_gpt2_deepspeed_zero2.py
#
# To resume from latest checkpoint:
#   deepspeed --num_gpus=8 train_deepspeed.py config/train_gpt2_deepspeed_zero2.py --init_from=resume
# To resume from specific checkpoint:
#   deepspeed --num_gpus=8 train_deepspeed.py config/train_gpt2_deepspeed_zero2.py --init_from=resume --resume_from_checkpoint=ckpt_step_005000.pt

wandb_log = True
wandb_project = 'pretrain-data-analysis'
wandb_run_name = 'gpt2-124M-deepspeed-zero2-20pct'

# Use the 20% subset dataset for data analysis experiments
dataset = 'openwebtext_20pct'

# DeepSpeed configuration
deepspeed_config = 'deepspeed_configs/zero2_config.json'
use_deepspeed = True


# Checkpoint settings
# Checkpoints will be saved with step numbers: ckpt_step_001000.pt, ckpt_step_002000.pt, etc.
# A latest checkpoint (ckpt.pt) is also maintained for easy resuming
# resume_from_checkpoint = 'ckpt_step_005000.pt'  # uncomment to resume from specific checkpoint
# these make the total batch size be ~0.5M
# 12 batch size * 1024 block size * 5 gradaccum * 8 GPUs = 491,520
batch_size = 36 
block_size = 1024 
gradient_accumulation_steps = 5 * 8

# Reduced iterations for 20% subset (original was 600k for full dataset)
# Since we have 20% of the data, we use 20% of the iterations to maintain similar data exposure
max_iters = 40000   # 20% of 600000 and divied by 3 as we increase the batch size to 36
lr_decay_iters = 40000

# eval stuff
eval_interval = 1000
eval_iters = 200
log_interval = 10

# weight decay
weight_decay = 1e-1

# Disable compile for DeepSpeed compatibility
compile = False

tokens per iteration will be: 11,796,480
Initializing a new model from scratch
defaulting to vocab_size of GPT-2 to 50304 (50257 rounded up for efficiency)
Ignoring DeepSpeed argument: local_rank = 7
Overriding: backend = rccl
Overriding config with config/train_gpt2_deepspeed_zero2.py:
# config for training GPT-2 (124M) with DeepSpeed ZeRO-2
# ZeRO-2: Optimizer state + gradient partitioning
# Best for: Balanced memory savings and communication overhead
# launch: deepspeed --num_gpus=8 train_deepspeed.py config/train_gpt2_deepspeed_zero2.py
#
# To resume from latest checkpoint:
#   deepspeed --num_gpus=8 train_deepspeed.py config/train_gpt2_deepspeed_zero2.py --init_from=resume
# To resume from specific checkpoint:
#   deepspeed --num_gpus=8 train_deepspeed.py config/train_gpt2_deepspeed_zero2.py --init_from=resume --resume_from_checkpoint=ckpt_step_005000.pt

wandb_log = True
wandb_project = 'pretrain-data-analysis'
wandb_run_name = 'gpt2-124M-deepspeed-zero2-20pct'

# Use the 20% subset dataset for data analysis experiments
dataset = 'openwebtext_20pct'

# DeepSpeed configuration
deepspeed_config = 'deepspeed_configs/zero2_config.json'
use_deepspeed = True


# Checkpoint settings
# Checkpoints will be saved with step numbers: ckpt_step_001000.pt, ckpt_step_002000.pt, etc.
# A latest checkpoint (ckpt.pt) is also maintained for easy resuming
# resume_from_checkpoint = 'ckpt_step_005000.pt'  # uncomment to resume from specific checkpoint
# these make the total batch size be ~0.5M
# 12 batch size * 1024 block size * 5 gradaccum * 8 GPUs = 491,520
batch_size = 36 
block_size = 1024 
gradient_accumulation_steps = 5 * 8

# Reduced iterations for 20% subset (original was 600k for full dataset)
# Since we have 20% of the data, we use 20% of the iterations to maintain similar data exposure
max_iters = 40000   # 20% of 600000 and divied by 3 as we increase the batch size to 36
lr_decay_iters = 40000

# eval stuff
eval_interval = 1000
eval_iters = 200
log_interval = 10

# weight decay
weight_decay = 1e-1

# Disable compile for DeepSpeed compatibility
compile = False

tokens per iteration will be: 11,796,480
Initializing a new model from scratch
defaulting to vocab_size of GPT-2 to 50304 (50257 rounded up for efficiency)
Ignoring DeepSpeed argument: local_rank = 5
Overriding: backend = rccl
Overriding config with config/train_gpt2_deepspeed_zero2.py:
# config for training GPT-2 (124M) with DeepSpeed ZeRO-2
# ZeRO-2: Optimizer state + gradient partitioning
# Best for: Balanced memory savings and communication overhead
# launch: deepspeed --num_gpus=8 train_deepspeed.py config/train_gpt2_deepspeed_zero2.py
#
# To resume from latest checkpoint:
#   deepspeed --num_gpus=8 train_deepspeed.py config/train_gpt2_deepspeed_zero2.py --init_from=resume
# To resume from specific checkpoint:
#   deepspeed --num_gpus=8 train_deepspeed.py config/train_gpt2_deepspeed_zero2.py --init_from=resume --resume_from_checkpoint=ckpt_step_005000.pt

wandb_log = True
wandb_project = 'pretrain-data-analysis'
wandb_run_name = 'gpt2-124M-deepspeed-zero2-20pct'

# Use the 20% subset dataset for data analysis experiments
dataset = 'openwebtext_20pct'

# DeepSpeed configuration
deepspeed_config = 'deepspeed_configs/zero2_config.json'
use_deepspeed = True


# Checkpoint settings
# Checkpoints will be saved with step numbers: ckpt_step_001000.pt, ckpt_step_002000.pt, etc.
# A latest checkpoint (ckpt.pt) is also maintained for easy resuming
# resume_from_checkpoint = 'ckpt_step_005000.pt'  # uncomment to resume from specific checkpoint
# these make the total batch size be ~0.5M
# 12 batch size * 1024 block size * 5 gradaccum * 8 GPUs = 491,520
batch_size = 36 
block_size = 1024 
gradient_accumulation_steps = 5 * 8

# Reduced iterations for 20% subset (original was 600k for full dataset)
# Since we have 20% of the data, we use 20% of the iterations to maintain similar data exposure
max_iters = 40000   # 20% of 600000 and divied by 3 as we increase the batch size to 36
lr_decay_iters = 40000

# eval stuff
eval_interval = 1000
eval_iters = 200
log_interval = 10

# weight decay
weight_decay = 1e-1

# Disable compile for DeepSpeed compatibility
compile = False

tokens per iteration will be: 11,796,480
Initializing a new model from scratch
defaulting to vocab_size of GPT-2 to 50304 (50257 rounded up for efficiency)
Ignoring DeepSpeed argument: local_rank = 1
Overriding: backend = rccl
Overriding config with config/train_gpt2_deepspeed_zero2.py:
# config for training GPT-2 (124M) with DeepSpeed ZeRO-2
# ZeRO-2: Optimizer state + gradient partitioning
# Best for: Balanced memory savings and communication overhead
# launch: deepspeed --num_gpus=8 train_deepspeed.py config/train_gpt2_deepspeed_zero2.py
#
# To resume from latest checkpoint:
#   deepspeed --num_gpus=8 train_deepspeed.py config/train_gpt2_deepspeed_zero2.py --init_from=resume
# To resume from specific checkpoint:
#   deepspeed --num_gpus=8 train_deepspeed.py config/train_gpt2_deepspeed_zero2.py --init_from=resume --resume_from_checkpoint=ckpt_step_005000.pt

wandb_log = True
wandb_project = 'pretrain-data-analysis'
wandb_run_name = 'gpt2-124M-deepspeed-zero2-20pct'

# Use the 20% subset dataset for data analysis experiments
dataset = 'openwebtext_20pct'

# DeepSpeed configuration
deepspeed_config = 'deepspeed_configs/zero2_config.json'
use_deepspeed = True


# Checkpoint settings
# Checkpoints will be saved with step numbers: ckpt_step_001000.pt, ckpt_step_002000.pt, etc.
# A latest checkpoint (ckpt.pt) is also maintained for easy resuming
# resume_from_checkpoint = 'ckpt_step_005000.pt'  # uncomment to resume from specific checkpoint
# these make the total batch size be ~0.5M
# 12 batch size * 1024 block size * 5 gradaccum * 8 GPUs = 491,520
batch_size = 36 
block_size = 1024 
gradient_accumulation_steps = 5 * 8

# Reduced iterations for 20% subset (original was 600k for full dataset)
# Since we have 20% of the data, we use 20% of the iterations to maintain similar data exposure
max_iters = 40000   # 20% of 600000 and divied by 3 as we increase the batch size to 36
lr_decay_iters = 40000

# eval stuff
eval_interval = 1000
eval_iters = 200
log_interval = 10

# weight decay
weight_decay = 1e-1

# Disable compile for DeepSpeed compatibility
compile = False

Ignoring DeepSpeed argument: local_rank = 0
Overriding: backend = rccl
Overriding config with config/train_gpt2_deepspeed_zero2.py:
# config for training GPT-2 (124M) with DeepSpeed ZeRO-2
# ZeRO-2: Optimizer state + gradient partitioning
# Best for: Balanced memory savings and communication overhead
# launch: deepspeed --num_gpus=8 train_deepspeed.py config/train_gpt2_deepspeed_zero2.py
#
# To resume from latest checkpoint:
#   deepspeed --num_gpus=8 train_deepspeed.py config/train_gpt2_deepspeed_zero2.py --init_from=resume
# To resume from specific checkpoint:
#   deepspeed --num_gpus=8 train_deepspeed.py config/train_gpt2_deepspeed_zero2.py --init_from=resume --resume_from_checkpoint=ckpt_step_005000.pt

wandb_log = True
wandb_project = 'pretrain-data-analysis'
wandb_run_name = 'gpt2-124M-deepspeed-zero2-20pct'

# Use the 20% subset dataset for data analysis experiments
dataset = 'openwebtext_20pct'

# DeepSpeed configuration
deepspeed_config = 'deepspeed_configs/zero2_config.json'
use_deepspeed = True


# Checkpoint settings
# Checkpoints will be saved with step numbers: ckpt_step_001000.pt, ckpt_step_002000.pt, etc.
# A latest checkpoint (ckpt.pt) is also maintained for easy resuming
# resume_from_checkpoint = 'ckpt_step_005000.pt'  # uncomment to resume from specific checkpoint
# these make the total batch size be ~0.5M
# 12 batch size * 1024 block size * 5 gradaccum * 8 GPUs = 491,520
batch_size = 36 
block_size = 1024 
gradient_accumulation_steps = 5 * 8

# Reduced iterations for 20% subset (original was 600k for full dataset)
# Since we have 20% of the data, we use 20% of the iterations to maintain similar data exposure
max_iters = 40000   # 20% of 600000 and divied by 3 as we increase the batch size to 36
lr_decay_iters = 40000

# eval stuff
eval_interval = 1000
eval_iters = 200
log_interval = 10

# weight decay
weight_decay = 1e-1

# Disable compile for DeepSpeed compatibility
compile = False

tokens per iteration will be: 11,796,480
tokens per iteration will be: 11,796,480
Initializing a new model from scratch
defaulting to vocab_size of GPT-2 to 50304 (50257 rounded up for efficiency)
Initializing a new model from scratch
defaulting to vocab_size of GPT-2 to 50304 (50257 rounded up for efficiency)
Ignoring DeepSpeed argument: local_rank = 2
Overriding: backend = rccl
Overriding config with config/train_gpt2_deepspeed_zero2.py:
# config for training GPT-2 (124M) with DeepSpeed ZeRO-2
# ZeRO-2: Optimizer state + gradient partitioning
# Best for: Balanced memory savings and communication overhead
# launch: deepspeed --num_gpus=8 train_deepspeed.py config/train_gpt2_deepspeed_zero2.py
#
# To resume from latest checkpoint:
#   deepspeed --num_gpus=8 train_deepspeed.py config/train_gpt2_deepspeed_zero2.py --init_from=resume
# To resume from specific checkpoint:
#   deepspeed --num_gpus=8 train_deepspeed.py config/train_gpt2_deepspeed_zero2.py --init_from=resume --resume_from_checkpoint=ckpt_step_005000.pt

wandb_log = True
wandb_project = 'pretrain-data-analysis'
wandb_run_name = 'gpt2-124M-deepspeed-zero2-20pct'

# Use the 20% subset dataset for data analysis experiments
dataset = 'openwebtext_20pct'

# DeepSpeed configuration
deepspeed_config = 'deepspeed_configs/zero2_config.json'
use_deepspeed = True


# Checkpoint settings
# Checkpoints will be saved with step numbers: ckpt_step_001000.pt, ckpt_step_002000.pt, etc.
# A latest checkpoint (ckpt.pt) is also maintained for easy resuming
# resume_from_checkpoint = 'ckpt_step_005000.pt'  # uncomment to resume from specific checkpoint
# these make the total batch size be ~0.5M
# 12 batch size * 1024 block size * 5 gradaccum * 8 GPUs = 491,520
batch_size = 36 
block_size = 1024 
gradient_accumulation_steps = 5 * 8

# Reduced iterations for 20% subset (original was 600k for full dataset)
# Since we have 20% of the data, we use 20% of the iterations to maintain similar data exposure
max_iters = 40000   # 20% of 600000 and divied by 3 as we increase the batch size to 36
lr_decay_iters = 40000

# eval stuff
eval_interval = 1000
eval_iters = 200
log_interval = 10

# weight decay
weight_decay = 1e-1

# Disable compile for DeepSpeed compatibility
compile = False

tokens per iteration will be: 11,796,480
Initializing a new model from scratch
defaulting to vocab_size of GPT-2 to 50304 (50257 rounded up for efficiency)
Ignoring DeepSpeed argument: local_rank = 6
Overriding: backend = rccl
Overriding config with config/train_gpt2_deepspeed_zero2.py:
# config for training GPT-2 (124M) with DeepSpeed ZeRO-2
# ZeRO-2: Optimizer state + gradient partitioning
# Best for: Balanced memory savings and communication overhead
# launch: deepspeed --num_gpus=8 train_deepspeed.py config/train_gpt2_deepspeed_zero2.py
#
# To resume from latest checkpoint:
#   deepspeed --num_gpus=8 train_deepspeed.py config/train_gpt2_deepspeed_zero2.py --init_from=resume
# To resume from specific checkpoint:
#   deepspeed --num_gpus=8 train_deepspeed.py config/train_gpt2_deepspeed_zero2.py --init_from=resume --resume_from_checkpoint=ckpt_step_005000.pt

wandb_log = True
wandb_project = 'pretrain-data-analysis'
wandb_run_name = 'gpt2-124M-deepspeed-zero2-20pct'

# Use the 20% subset dataset for data analysis experiments
dataset = 'openwebtext_20pct'

# DeepSpeed configuration
deepspeed_config = 'deepspeed_configs/zero2_config.json'
use_deepspeed = True


# Checkpoint settings
# Checkpoints will be saved with step numbers: ckpt_step_001000.pt, ckpt_step_002000.pt, etc.
# A latest checkpoint (ckpt.pt) is also maintained for easy resuming
# resume_from_checkpoint = 'ckpt_step_005000.pt'  # uncomment to resume from specific checkpoint
# these make the total batch size be ~0.5M
# 12 batch size * 1024 block size * 5 gradaccum * 8 GPUs = 491,520
batch_size = 36 
block_size = 1024 
gradient_accumulation_steps = 5 * 8

# Reduced iterations for 20% subset (original was 600k for full dataset)
# Since we have 20% of the data, we use 20% of the iterations to maintain similar data exposure
max_iters = 40000   # 20% of 600000 and divied by 3 as we increase the batch size to 36
lr_decay_iters = 40000

# eval stuff
eval_interval = 1000
eval_iters = 200
log_interval = 10

# weight decay
weight_decay = 1e-1

# Disable compile for DeepSpeed compatibility
compile = False

tokens per iteration will be: 11,796,480
Initializing a new model from scratch
defaulting to vocab_size of GPT-2 to 50304 (50257 rounded up for efficiency)
number of parameters: 123.59M
Initializing DeepSpeed with config: deepspeed_configs/zero2_config.json
[2025-08-28 09:39:54,160] [INFO] [logging.py:107:log_dist] [Rank -1] DeepSpeed info: version=0.17.5, git-hash=unknown, git-branch=unknown
[2025-08-28 09:39:54,160] [INFO] [comm.py:821:init_distributed] cdb=None
number of parameters: 123.59M
Initializing DeepSpeed with config: deepspeed_configs/zero2_config.json
[2025-08-28 09:39:54,300] [INFO] [logging.py:107:log_dist] [Rank -1] DeepSpeed info: version=0.17.5, git-hash=unknown, git-branch=unknown
[2025-08-28 09:39:54,300] [INFO] [comm.py:821:init_distributed] cdb=None
number of parameters: 123.59M
Initializing DeepSpeed with config: deepspeed_configs/zero2_config.json
number of parameters: 123.59M
Initializing DeepSpeed with config: deepspeed_configs/zero2_config.json
[2025-08-28 09:39:54,596] [INFO] [logging.py:107:log_dist] [Rank -1] DeepSpeed info: version=0.17.5, git-hash=unknown, git-branch=unknown
[2025-08-28 09:39:54,596] [INFO] [comm.py:821:init_distributed] cdb=None
[2025-08-28 09:39:54,612] [INFO] [logging.py:107:log_dist] [Rank -1] DeepSpeed info: version=0.17.5, git-hash=unknown, git-branch=unknown
[2025-08-28 09:39:54,612] [INFO] [comm.py:821:init_distributed] cdb=None
number of parameters: 123.59M
Initializing DeepSpeed with config: deepspeed_configs/zero2_config.json
number of parameters: 123.59M
Initializing DeepSpeed with config: deepspeed_configs/zero2_config.json
[2025-08-28 09:39:54,695] [INFO] [logging.py:107:log_dist] [Rank -1] DeepSpeed info: version=0.17.5, git-hash=unknown, git-branch=unknown
[2025-08-28 09:39:54,695] [INFO] [comm.py:821:init_distributed] cdb=None
[2025-08-28 09:39:54,700] [INFO] [logging.py:107:log_dist] [Rank -1] DeepSpeed info: version=0.17.5, git-hash=unknown, git-branch=unknown
[2025-08-28 09:39:54,700] [INFO] [comm.py:821:init_distributed] cdb=None
[2025-08-28 09:39:54,700] [INFO] [comm.py:852:init_distributed] Initializing TorchBackend in DeepSpeed with backend nccl
number of parameters: 123.59M
Initializing DeepSpeed with config: deepspeed_configs/zero2_config.json
[2025-08-28 09:39:54,879] [INFO] [logging.py:107:log_dist] [Rank -1] DeepSpeed info: version=0.17.5, git-hash=unknown, git-branch=unknown
[2025-08-28 09:39:54,879] [INFO] [comm.py:821:init_distributed] cdb=None
number of parameters: 123.59M
Initializing DeepSpeed with config: deepspeed_configs/zero2_config.json
[2025-08-28 09:39:54,940] [INFO] [logging.py:107:log_dist] [Rank -1] DeepSpeed info: version=0.17.5, git-hash=unknown, git-branch=unknown
[2025-08-28 09:39:54,940] [INFO] [comm.py:821:init_distributed] cdb=None
RCCL version 2.20.5+hip6.2 HEAD:45b618a+
[2025-08-28 09:40:04,795] [INFO] [config.py:684:__init__] Config mesh_device None world_size = 8
[2025-08-28 09:40:04,795] [INFO] [config.py:684:__init__] Config mesh_device None world_size = 8
[2025-08-28 09:40:04,797] [INFO] [config.py:684:__init__] Config mesh_device None world_size = 8
[2025-08-28 09:40:04,799] [INFO] [config.py:684:__init__] Config mesh_device None world_size = 8
[2025-08-28 09:40:04,802] [INFO] [config.py:684:__init__] Config mesh_device None world_size = 8
[2025-08-28 09:40:04,804] [INFO] [config.py:684:__init__] Config mesh_device None world_size = 8
[2025-08-28 09:40:04,806] [INFO] [config.py:684:__init__] Config mesh_device None world_size = 8
[2025-08-28 09:40:04,806] [INFO] [config.py:684:__init__] Config mesh_device None world_size = 8
[2025-08-28 09:40:07,541] [INFO] [engine.py:1356:_configure_distributed_model] ********** distributed groups summary **********
	 self.dp_world_size=8
	 self.mp_world_size=1
	 self.seq_dp_world_size=8
	 self.sequence_parallel_size=1
***********************************************
[2025-08-28 09:40:07,551] [INFO] [logging.py:107:log_dist] [Rank 0] DeepSpeed Flops Profiler Enabled: False
[2025-08-28 09:40:07,564] [INFO] [logging.py:107:log_dist] [Rank 0] Using DeepSpeed Optimizer param name adamw as basic optimizer
[2025-08-28 09:40:07,564] [INFO] [logging.py:107:log_dist] [Rank 0] Removing param_group that has no 'params' in the basic Optimizer
[2025-08-28 09:40:07,565] [INFO] [logging.py:107:log_dist] [Rank 0] DeepSpeed Basic Optimizer = AdamW
[2025-08-28 09:40:07,565] [INFO] [utils.py:59:is_zero_supported_optimizer] Checking ZeRO support for optimizer=AdamW type=<class 'torch.optim.adamw.AdamW'>
[2025-08-28 09:40:07,565] [INFO] [logging.py:107:log_dist] [Rank 0] Creating torch.bfloat16 ZeRO stage 2 optimizer
[2025-08-28 09:40:07,565] [INFO] [stage_1_and_2.py:178:__init__] Reduce bucket size 500000000
[2025-08-28 09:40:07,565] [INFO] [stage_1_and_2.py:179:__init__] Allgather bucket size 200000000
[2025-08-28 09:40:07,565] [INFO] [stage_1_and_2.py:180:__init__] CPU Offload: False
[2025-08-28 09:40:07,565] [INFO] [stage_1_and_2.py:181:__init__] Round robin gradient partitioning: False
DeepSpeed initialization complete
✅ FlashAttention: Using PyTorch's scaled_dot_product_attention (Flash Attention)
   Model attention flash flag: True
   PyTorch version: 2.5.1+rocm6.2
   CUDA available: True
   CUDA version: None
   GPU: AMD Instinct MI210
DeepSpeed initialization complete
✅ FlashAttention: Using PyTorch's scaled_dot_product_attention (Flash Attention)
   Model attention flash flag: True
   PyTorch version: 2.5.1+rocm6.2
   CUDA available: True
   CUDA version: None
   GPU: AMD Instinct MI210
DeepSpeed initialization complete
✅ FlashAttention: Using PyTorch's scaled_dot_product_attention (Flash Attention)
   Model attention flash flag: True
   PyTorch version: 2.5.1+rocm6.2
   CUDA available: True
   CUDA version: None
   GPU: AMD Instinct MI210
DeepSpeed initialization complete
✅ FlashAttention: Using PyTorch's scaled_dot_product_attention (Flash Attention)
   Model attention flash flag: True
   PyTorch version: 2.5.1+rocm6.2
   CUDA available: True
   CUDA version: None
   GPU: AMD Instinct MI210
DeepSpeed initialization complete
✅ FlashAttention: Using PyTorch's scaled_dot_product_attention (Flash Attention)
   Model attention flash flag: True
   PyTorch version: 2.5.1+rocm6.2
   CUDA available: True
   CUDA version: None
   GPU: AMD Instinct MI210
DeepSpeed initialization complete
✅ FlashAttention: Using PyTorch's scaled_dot_product_attention (Flash Attention)
   Model attention flash flag: True
   PyTorch version: 2.5.1+rocm6.2
   CUDA available: True
   CUDA version: None
   GPU: AMD Instinct MI210
DeepSpeed initialization complete
✅ FlashAttention: Using PyTorch's scaled_dot_product_attention (Flash Attention)
   Model attention flash flag: True
   PyTorch version: 2.5.1+rocm6.2
   CUDA available: True
   CUDA version: None
   GPU: AMD Instinct MI210
[2025-08-28 09:40:09,228] [INFO] [utils.py:781:see_memory_usage] Before initializing optimizer states
[2025-08-28 09:40:09,229] [INFO] [utils.py:782:see_memory_usage] MA 0.29 GB         Max_MA 0.32 GB         CA 0.32 GB         Max_CA 0 GB 
[2025-08-28 09:40:09,229] [INFO] [utils.py:789:see_memory_usage] CPU Virtual Memory:  used = 36.26 GB, percent = 1.6%
[2025-08-28 09:40:09,922] [INFO] [utils.py:781:see_memory_usage] After initializing optimizer states
[2025-08-28 09:40:09,923] [INFO] [utils.py:782:see_memory_usage] MA 0.29 GB         Max_MA 0.35 GB         CA 0.38 GB         Max_CA 0 GB 
[2025-08-28 09:40:09,923] [INFO] [utils.py:789:see_memory_usage] CPU Virtual Memory:  used = 36.45 GB, percent = 1.6%
[2025-08-28 09:40:09,923] [INFO] [stage_1_and_2.py:605:__init__] optimizer state initialized
[2025-08-28 09:40:10,612] [INFO] [utils.py:781:see_memory_usage] After initializing ZeRO optimizer
[2025-08-28 09:40:10,612] [INFO] [utils.py:782:see_memory_usage] MA 0.29 GB         Max_MA 0.29 GB         CA 0.38 GB         Max_CA 0 GB 
[2025-08-28 09:40:10,613] [INFO] [utils.py:789:see_memory_usage] CPU Virtual Memory:  used = 36.8 GB, percent = 1.6%
[2025-08-28 09:40:10,613] [INFO] [logging.py:107:log_dist] [Rank 0] DeepSpeed Final Optimizer = DeepSpeedZeroOptimizer
[2025-08-28 09:40:10,613] [INFO] [logging.py:107:log_dist] [Rank 0] DeepSpeed using configured LR scheduler = None
[2025-08-28 09:40:10,613] [INFO] [logging.py:107:log_dist] [Rank 0] DeepSpeed LR Scheduler = None
[2025-08-28 09:40:10,613] [INFO] [logging.py:107:log_dist] [Rank 0] step=0, skipped=0, lr=[0.0006], mom=[[0.9, 0.95]]
[2025-08-28 09:40:10,614] [INFO] [logging.py:107:log_dist] [Rank 0] [TorchCheckpointEngine] Initialized with serialization = True
[2025-08-28 09:40:10,614] [INFO] [config.py:954:print] DeepSpeedEngine configuration:
[2025-08-28 09:40:10,614] [INFO] [config.py:958:print]   activation_checkpointing_config  {
    "partition_activations": false, 
    "contiguous_memory_optimization": false, 
    "cpu_checkpointing": false, 
    "number_checkpoints": null, 
    "synchronize_checkpoint_boundary": false, 
    "profile": false
}
[2025-08-28 09:40:10,614] [INFO] [config.py:958:print]   aio_config ................... {'block_size': 1048576, 'queue_depth': 8, 'intra_op_parallelism': 1, 'single_submit': False, 'overlap_events': True, 'use_gds': False}
[2025-08-28 09:40:10,614] [INFO] [config.py:958:print]   amp_enabled .................. False
[2025-08-28 09:40:10,614] [INFO] [config.py:958:print]   amp_params ................... False
[2025-08-28 09:40:10,614] [INFO] [config.py:958:print]   autotuning_config ............ {
    "enabled": false, 
    "start_step": null, 
    "end_step": null, 
    "metric_path": null, 
    "arg_mappings": null, 
    "metric": "throughput", 
    "model_info": null, 
    "results_dir": "autotuning_results", 
    "exps_dir": "autotuning_exps", 
    "overwrite": true, 
    "fast": true, 
    "start_profile_step": 3, 
    "end_profile_step": 5, 
    "tuner_type": "gridsearch", 
    "tuner_early_stopping": 5, 
    "tuner_num_trials": 50, 
    "model_info_path": null, 
    "mp_size": 1, 
    "max_train_batch_size": null, 
    "min_train_batch_size": 1, 
    "max_train_micro_batch_size_per_gpu": 1.024000e+03, 
    "min_train_micro_batch_size_per_gpu": 1, 
    "num_tuning_micro_batch_sizes": 3
}
[2025-08-28 09:40:10,614] [INFO] [config.py:958:print]   bfloat16_config .............. enabled=True immediate_grad_update=False check_grad_overflow=False
[2025-08-28 09:40:10,614] [INFO] [config.py:958:print]   checkpoint_config ............ {'tag_validation': 'WARN', 'checkpoint_serialization': True, 'writer': None}
[2025-08-28 09:40:10,614] [INFO] [config.py:958:print]   checkpoint_parallel_write_pipeline  False
[2025-08-28 09:40:10,614] [INFO] [config.py:958:print]   checkpoint_tag_validation_enabled  True
[2025-08-28 09:40:10,614] [INFO] [config.py:958:print]   checkpoint_tag_validation_fail  False
[2025-08-28 09:40:10,614] [INFO] [config.py:958:print]   comms_config ................. <deepspeed.comm.config.DeepSpeedCommsConfig object at 0x7f84dffc4150>
[2025-08-28 09:40:10,614] [INFO] [config.py:958:print]   communication_data_type ...... None
[2025-08-28 09:40:10,614] [INFO] [config.py:958:print]   compile_config ............... deepcompile=False free_activation=False offload_activation=False offload_opt_states=False double_buffer=True symmetric_memory=False debug_log=False offload_parameters=False sync_before_reduce=False sync_after_reduce=False sync_before_allgather=False sync_after_allgather=False keep_int_input_tensors=True keep_all_input_tensors=False
[2025-08-28 09:40:10,614] [INFO] [config.py:958:print]   compression_config ........... {'weight_quantization': {'shared_parameters': {'enabled': False, 'quantizer_kernel': False, 'schedule_offset': 0, 'quantize_groups': 1, 'quantize_verbose': False, 'quantization_type': 'symmetric', 'quantize_weight_in_forward': False, 'rounding': 'nearest', 'fp16_mixed_quantize': False, 'quantize_change_ratio': 0.001}, 'different_groups': {}}, 'activation_quantization': {'shared_parameters': {'enabled': False, 'quantization_type': 'symmetric', 'range_calibration': 'dynamic', 'schedule_offset': 1000}, 'different_groups': {}}, 'sparse_pruning': {'shared_parameters': {'enabled': False, 'method': 'l1', 'schedule_offset': 1000}, 'different_groups': {}}, 'row_pruning': {'shared_parameters': {'enabled': False, 'method': 'l1', 'schedule_offset': 1000}, 'different_groups': {}}, 'head_pruning': {'shared_parameters': {'enabled': False, 'method': 'topk', 'schedule_offset': 1000}, 'different_groups': {}}, 'channel_pruning': {'shared_parameters': {'enabled': False, 'method': 'l1', 'schedule_offset': 1000}, 'different_groups': {}}, 'layer_reduction': {'enabled': False}}
[2025-08-28 09:40:10,614] [INFO] [config.py:958:print]   curriculum_enabled_legacy .... False
[2025-08-28 09:40:10,614] [INFO] [config.py:958:print]   curriculum_params_legacy ..... False
[2025-08-28 09:40:10,614] [INFO] [config.py:958:print]   data_efficiency_config ....... {'enabled': False, 'seed': 1234, 'data_sampling': {'enabled': False, 'num_epochs': 1000, 'num_workers': 0, 'pin_memory': False, 'curriculum_learning': {'enabled': False}, 'dynamic_batching': {'enabled': False, 'lr_scaling_method': 'linear', 'min_batch_size': 1, 'max_batch_size': None, 'sequence_picking_order': 'dataloader', 'verbose': False}}, 'data_routing': {'enabled': False, 'random_ltd': {'enabled': False, 'layer_token_lr_schedule': {'enabled': False}}}}
[2025-08-28 09:40:10,614] [INFO] [config.py:958:print]   data_efficiency_enabled ...... False
[2025-08-28 09:40:10,614] [INFO] [config.py:958:print]   dataloader_drop_last ......... False
[2025-08-28 09:40:10,614] [INFO] [config.py:958:print]   disable_allgather ............ False
[2025-08-28 09:40:10,614] [INFO] [config.py:958:print]   dump_state ................... False
[2025-08-28 09:40:10,614] [INFO] [config.py:958:print]   eigenvalue_enabled ........... False
[2025-08-28 09:40:10,614] [INFO] [config.py:958:print]   eigenvalue_gas_boundary_resolution  1
[2025-08-28 09:40:10,614] [INFO] [config.py:958:print]   eigenvalue_layer_name ........ bert.encoder.layer
[2025-08-28 09:40:10,614] [INFO] [config.py:958:print]   eigenvalue_layer_num ......... 0
[2025-08-28 09:40:10,614] [INFO] [config.py:958:print]   eigenvalue_max_iter .......... 100
[2025-08-28 09:40:10,614] [INFO] [config.py:958:print]   eigenvalue_stability ......... 1e-06
[2025-08-28 09:40:10,614] [INFO] [config.py:958:print]   eigenvalue_tol ............... 0.01
[2025-08-28 09:40:10,614] [INFO] [config.py:958:print]   eigenvalue_verbose ........... False
[2025-08-28 09:40:10,614] [INFO] [config.py:958:print]   elasticity_enabled ........... False
[2025-08-28 09:40:10,615] [INFO] [config.py:958:print]   float16_config ............... enabled=False auto_cast=False loss_scale=0.0 initial_scale_power=16 loss_scale_window=1000 hysteresis=2 consecutive_hysteresis=False min_loss_scale=1 fp16_master_weights_and_grads=False
[2025-08-28 09:40:10,615] [INFO] [config.py:958:print]   flops_profiler_config ........ {
    "enabled": false, 
    "recompute_fwd_factor": 0.0, 
    "profile_step": 1, 
    "module_depth": -1, 
    "top_modules": 1, 
    "detailed": true, 
    "output_file": null
}
[2025-08-28 09:40:10,615] [INFO] [config.py:958:print]   global_rank .................. 0
[2025-08-28 09:40:10,615] [INFO] [config.py:958:print]   grad_accum_dtype ............. None
[2025-08-28 09:40:10,615] [INFO] [config.py:958:print]   gradient_accumulation_steps .. 40
[2025-08-28 09:40:10,615] [INFO] [config.py:958:print]   gradient_clipping ............ 1.0
[2025-08-28 09:40:10,615] [INFO] [config.py:958:print]   gradient_predivide_factor .... 1.0
[2025-08-28 09:40:10,615] [INFO] [config.py:958:print]   graph_harvesting ............. False
[2025-08-28 09:40:10,615] [INFO] [config.py:958:print]   hybrid_engine ................ enabled=False max_out_tokens=512 inference_tp_size=1 release_inference_cache=False pin_parameters=True tp_gather_partition_size=8
[2025-08-28 09:40:10,615] [INFO] [config.py:958:print]   load_universal_checkpoint .... False
[2025-08-28 09:40:10,615] [INFO] [config.py:958:print]   memory_breakdown ............. False
[2025-08-28 09:40:10,615] [INFO] [config.py:958:print]   mics_hierarchial_params_gather  False
[2025-08-28 09:40:10,615] [INFO] [config.py:958:print]   mics_shard_size .............. -1
[2025-08-28 09:40:10,615] [INFO] [config.py:958:print]   monitor_config ............... tensorboard=TensorBoardConfig(enabled=False, output_path='', job_name='DeepSpeedJobName') comet=CometConfig(enabled=False, samples_log_interval=100, project=None, workspace=None, api_key=None, experiment_name=None, experiment_key=None, online=None, mode=None) wandb=WandbConfig(enabled=False, group=None, team=None, project='deepspeed') csv_monitor=CSVConfig(enabled=False, output_path='', job_name='DeepSpeedJobName')
[2025-08-28 09:40:10,615] [INFO] [config.py:958:print]   nebula_config ................ {
    "enabled": false, 
    "persistent_storage_path": null, 
    "persistent_time_interval": 100, 
    "num_of_version_in_retention": 2, 
    "enable_nebula_load": true, 
    "load_path": null
}
[2025-08-28 09:40:10,615] [INFO] [config.py:958:print]   optimizer_legacy_fusion ...... False
[2025-08-28 09:40:10,615] [INFO] [config.py:958:print]   optimizer_name ............... adamw
[2025-08-28 09:40:10,615] [INFO] [config.py:958:print]   optimizer_params ............. {'lr': 0.0006, 'betas': [0.9, 0.95], 'eps': 1e-08, 'weight_decay': 0.1}
[2025-08-28 09:40:10,615] [INFO] [config.py:958:print]   pipeline ..................... {'stages': 'auto', 'partition': 'best', 'seed_layers': False, 'activation_checkpoint_interval': 0, 'pipe_partitioned': True, 'grad_partitioned': True}
[2025-08-28 09:40:10,615] [INFO] [config.py:958:print]   pld_enabled .................. False
[2025-08-28 09:40:10,615] [INFO] [config.py:958:print]   pld_params ................... False
[2025-08-28 09:40:10,615] [INFO] [config.py:958:print]   prescale_gradients ........... False
[2025-08-28 09:40:10,615] [INFO] [config.py:958:print]   scheduler_name ............... None
[2025-08-28 09:40:10,615] [INFO] [config.py:958:print]   scheduler_params ............. None
[2025-08-28 09:40:10,615] [INFO] [config.py:958:print]   seq_parallel_communication_data_type  torch.float32
[2025-08-28 09:40:10,615] [INFO] [config.py:958:print]   sparse_attention ............. None
[2025-08-28 09:40:10,615] [INFO] [config.py:958:print]   sparse_gradients_enabled ..... False
[2025-08-28 09:40:10,615] [INFO] [config.py:958:print]   steps_per_print .............. 10
[2025-08-28 09:40:10,615] [INFO] [config.py:958:print]   tensor_parallel_config ....... dtype=torch.float16 autotp_size=0 tp_overlap_comm=False tensor_parallel=TPConfig(tp_size=1, tp_grain_size=1, mpu=None, tp_group=None) injection_policy_tuple=None keep_module_on_host=False replace_with_kernel_inject=False
[2025-08-28 09:40:10,615] [INFO] [config.py:958:print]   timers_config ................ enabled=True synchronized=True
[2025-08-28 09:40:10,615] [INFO] [config.py:958:print]   torch_autocast_dtype ......... None
[2025-08-28 09:40:10,615] [INFO] [config.py:958:print]   torch_autocast_enabled ....... False
[2025-08-28 09:40:10,615] [INFO] [config.py:958:print]   torch_autocast_lower_precision_safe_modules  None
[2025-08-28 09:40:10,615] [INFO] [config.py:958:print]   train_batch_size ............. 11520
[2025-08-28 09:40:10,615] [INFO] [config.py:958:print]   train_micro_batch_size_per_gpu  36
[2025-08-28 09:40:10,615] [INFO] [config.py:958:print]   use_data_before_expert_parallel_  False
[2025-08-28 09:40:10,615] [INFO] [config.py:958:print]   use_node_local_storage ....... False
[2025-08-28 09:40:10,615] [INFO] [config.py:958:print]   wall_clock_breakdown ......... False
[2025-08-28 09:40:10,615] [INFO] [config.py:958:print]   weight_quantization_config ... None
[2025-08-28 09:40:10,615] [INFO] [config.py:958:print]   world_size ................... 8
[2025-08-28 09:40:10,615] [INFO] [config.py:958:print]   zero_allow_untested_optimizer  False
[2025-08-28 09:40:10,615] [INFO] [config.py:958:print]   zero_config .................. stage=2 contiguous_gradients=True reduce_scatter=True reduce_bucket_size=500000000 use_multi_rank_bucket_allreduce=True allgather_partitions=True allgather_bucket_size=200000000 overlap_comm=True load_from_fp32_weights=True elastic_checkpoint=False offload_param=DeepSpeedZeroOffloadParamConfig(device='none', nvme_path=None, buffer_count=5, buffer_size=100000000, max_in_cpu=1000000000, pin_memory=False) offload_optimizer=DeepSpeedZeroOffloadOptimizerConfig(device='none', nvme_path=None, buffer_count=4, pin_memory=False, pipeline_read=False, pipeline_write=False, fast_init=False, ratio=1.0) zenflow=None sub_group_size=1000000000 cpu_offload_param=None cpu_offload_use_pin_memory=None cpu_offload=None prefetch_bucket_size=50000000 param_persistence_threshold=100000 model_persistence_threshold=9223372036854775807 max_live_parameters=1000000000 max_reuse_distance=1000000000 gather_16bit_weights_on_model_save=False module_granularity_threshold=0 use_all_reduce_for_fetch_params=False stage3_gather_fp16_weights_on_model_save=False ignore_unused_parameters=True legacy_stage1=False round_robin_gradients=False zero_hpz_partition_size=1 zero_quantized_weights=False zero_quantized_nontrainable_weights=False zero_quantized_gradients=False zeropp_loco_param=None mics_shard_size=-1 mics_hierarchical_params_gather=False memory_efficient_linear=True pipeline_loading_checkpoint=False override_module_apply=True log_trace_cache_warnings=False
[2025-08-28 09:40:10,615] [INFO] [config.py:958:print]   zero_enabled ................. True
[2025-08-28 09:40:10,615] [INFO] [config.py:958:print]   zero_force_ds_cpu_optimizer .. True
[2025-08-28 09:40:10,615] [INFO] [config.py:958:print]   zero_optimization_stage ...... 2
[2025-08-28 09:40:10,615] [INFO] [config.py:944:print_user_config]   json = {
    "train_batch_size": 1.152000e+04, 
    "train_micro_batch_size_per_gpu": 36, 
    "gradient_accumulation_steps": 40, 
    "steps_per_print": 10, 
    "zero_optimization": {
        "stage": 2, 
        "offload_optimizer": {
            "device": "none"
        }, 
        "offload_param": {
            "device": "none"
        }, 
        "overlap_comm": true, 
        "contiguous_gradients": true, 
        "sub_group_size": 1.000000e+09, 
        "reduce_bucket_size": "auto", 
        "stage3_prefetch_bucket_size": "auto", 
        "stage3_param_persistence_threshold": "auto", 
        "stage3_max_live_parameters": 1.000000e+09, 
        "stage3_max_reuse_distance": 1.000000e+09, 
        "allgather_partitions": true, 
        "allgather_bucket_size": 2.000000e+08, 
        "reduce_scatter": true
    }, 
    "optimizer": {
        "type": "AdamW", 
        "params": {
            "lr": 0.0006, 
            "betas": [0.9, 0.95], 
            "eps": 1e-08, 
            "weight_decay": 0.1
        }
    }, 
    "fp16": {
        "enabled": false
    }, 
    "bf16": {
        "enabled": true
    }, 
    "gradient_clipping": 1.0, 
    "wall_clock_breakdown": false, 
    "memory_breakdown": false
}
DeepSpeed initialization complete
✅ FlashAttention: Using PyTorch's scaled_dot_product_attention (Flash Attention)
   Model attention flash flag: True
   PyTorch version: 2.5.1+rocm6.2
   CUDA available: True
   CUDA version: None
   GPU: AMD Instinct MI210
step 0: train loss 11.0000, val loss 11.0000
iter 0: loss 11.0000, time 96931.16ms
iter 10: loss 11.0000, time 666.95ms, ETA: 4d 19h, progress: 0.0%
iter 20: loss 11.0000, time 620.36ms, ETA: 2d 13h, progress: 0.1%
iter 30: loss 11.0000, time 649.03ms, ETA: 1d 19h, progress: 0.1%
iter 40: loss 10.5625, time 642.83ms, ETA: 1d 10h, progress: 0.1%
iter 50: loss 10.5625, time 688.92ms, ETA: 1d 5h, progress: 0.1%
iter 60: loss 10.5625, time 652.00ms, ETA: 1d 1h, progress: 0.1%
iter 70: loss 10.5625, time 691.36ms, ETA: 22h 53m, progress: 0.2%
iter 80: loss 10.0625, time 731.61ms, ETA: 20h 58m, progress: 0.2%
iter 90: loss 10.0625, time 672.98ms, ETA: 19h 29m, progress: 0.2%
iter 100: loss 10.1250, time 740.41ms, ETA: 18h 18m, progress: 0.2%
iter 110: loss 10.0625, time 692.04ms, ETA: 17h 19m, progress: 0.3%
iter 120: loss 9.7500, time 692.03ms, ETA: 16h 30m, progress: 0.3%
iter 130: loss 9.7500, time 681.21ms, ETA: 15h 48m, progress: 0.3%
iter 140: loss 9.8125, time 696.44ms, ETA: 15h 13m, progress: 0.4%
iter 150: loss 9.7500, time 685.89ms, ETA: 14h 42m, progress: 0.4%
iter 160: loss 9.6250, time 686.95ms, ETA: 14h 16m, progress: 0.4%
iter 170: loss 9.6250, time 706.18ms, ETA: 13h 52m, progress: 0.4%
iter 180: loss 9.6250, time 664.75ms, ETA: 13h 31m, progress: 0.4%
iter 190: loss 9.6250, time 685.15ms, ETA: 13h 12m, progress: 0.5%
iter 200: loss 9.5000, time 720.25ms, ETA: 12h 56m, progress: 0.5%
iter 210: loss 9.5000, time 687.97ms, ETA: 12h 40m, progress: 0.5%
